[==========] Running 2 tests from 1 test suite.
[----------] Global test environment set-up.
[----------] 2 tests from c
[ RUN      ] c.21
/home/zz/work/cpp-moments/utest.h_break_down/v0-bd/v16_gtest.cpp:7: Failure
Expected equality of these values:
  1+2
    Which is: 3
  2+2
    Which is: 4
[  FAILED  ] c.21 (0 ms)
[ RUN      ] c.22
[       OK ] c.22 (0 ms)
[----------] 2 tests from c (0 ms total)

[----------] Global test environment tear-down
[==========] 2 tests from 1 test suite ran. (0 ms total)
[  PASSED  ] 1 test.
[  FAILED  ] 1 test, listed below:
[  FAILED  ] c.21

 1 FAILED TEST
